<?xml version="1.0" encoding="UTF-8"?>
<!-- Generated by org.testng.reporters.JUnitXMLReporter -->
<testsuite ignored="2" hostname="FVFHXHYBQ6LR" failures="0" tests="1" name="Test" time="0.016" errors="0" timestamp="2023-05-17T17:27:33 IST">
  <testcase classname="testNgInMaven.C1" name="testCase1" time="0.003"/>
  <testcase classname="testNgInMaven.Class2TC1" name="testCase1" time="0.0">
    <ignored/>
  </testcase> <!-- testCase1 -->
  <testcase classname="testNgInMaven.Class2TC1" name="testCase2" time="0.0">
    <ignored/>
  </testcase> <!-- testCase2 -->
</testsuite> <!-- Test -->
