<?xml version="1.0" encoding="UTF-8"?>
<testng-results ignored="2" total="3" passed="1" failed="0" skipped="0">
  <reporter-output>
  </reporter-output>
  <suite started-at="2023-05-17T17:27:32 IST" name="Suite" finished-at="2023-05-17T17:27:33 IST" duration-ms="16">
    <groups>
      <group name="smoke">
        <method signature="C1.testCase1()[pri:0, instance:testNgInMaven.C1@5ba3f27a]" name="testCase1" class="testNgInMaven.C1"/>
      </group> <!-- smoke -->
    </groups>
    <test started-at="2023-05-17T17:27:32 IST" name="Test" finished-at="2023-05-17T17:27:33 IST" duration-ms="16">
      <class name="testNgInMaven.C1">
        <test-method signature="testCase1()[pri:0, instance:testNgInMaven.C1@5ba3f27a]" started-at="2023-05-17T17:27:33 IST" name="testCase1" finished-at="2023-05-17T17:27:33 IST" duration-ms="3" status="PASS">
          <reporter-output>
          </reporter-output>
        </test-method> <!-- testCase1 -->
      </class> <!-- testNgInMaven.C1 -->
    </test> <!-- Test -->
  </suite> <!-- Suite -->
</testng-results>
